<?xml version="1.0" encoding="UTF-8"?>
<!-- Generated by org.testng.reporters.JUnitXMLReporter -->
<testsuite hostname="SYNPUNLT2ZCS0C2" ignored="0" name="Test_0" tests="1" failures="1" timestamp="2020-03-03T19:33:57 IST" time="146.064" errors="0">
  <testcase name="test1" time="143.421" classname="com.project1.testscripts.WebPageTestCase1">
    <failure type="java.lang.AssertionError" message="did not expect to find [true] but found [false]">
      <![CDATA[java.lang.AssertionError: did not expect to find [true] but found [false]
at com.wma.framework.common.InitTest.finallyMethod(InitTest.java:161)
at com.project1.testscripts.WebPageTestCase1.test1(WebPageTestCase1.java:55)
at java.util.ArrayList.forEach(ArrayList.java:1249)
at com.wma.framework.driver.DriverScript.startExecution(DriverScript.java:104)
at com.project1.driver.Project1Driver.main(Project1Driver.java:10)
... Removed 29 stack frames]]>
    </failure>
  </testcase> <!-- test1 -->
</testsuite> <!-- Test_0 -->
